<?xml version="1.0" encoding="UTF-8"?>
<!-- Generated by org.testng.reporters.JUnitReportReporter -->
<testsuite skipped="0" hostname="DESKTOP-2K7F0JB" name="com.crm.tests.AdminTest" tests="2" failures="0" timestamp="05 Dec 2019 15:08:14 GMT" time="47.255" errors="0">
  <testcase name="createContact" time="0.086" classname="com.crm.tests.AdminTest"/>
  <testcase name="createAccount" time="47.169" classname="com.crm.tests.AdminTest"/>
</testsuite> <!-- com.crm.tests.AdminTest -->
